[debug] [2020-10-20T18:57:45.251Z] ----------------------------------------------------------------------
[debug] [2020-10-20T18:57:45.253Z] Command:       C:\Program Files\nodejs\node.exe C:\Users\Yash\AppData\Roaming\npm\node_modules\firebase-tools\lib\bin\firebase.js emulators:start
[debug] [2020-10-20T18:57:45.253Z] CLI Version:   8.12.1
[debug] [2020-10-20T18:57:45.254Z] Platform:      win32
[debug] [2020-10-20T18:57:45.254Z] Node Version:  v12.18.3
[debug] [2020-10-20T18:57:45.255Z] Time:          Wed Oct 21 2020 00:27:45 GMT+0530 (India Standard Time)
[debug] [2020-10-20T18:57:45.255Z] ----------------------------------------------------------------------
[debug] [2020-10-20T18:57:45.255Z] 
[debug] [2020-10-20T18:57:45.264Z] > command requires scopes: ["email","openid","https://www.googleapis.com/auth/cloudplatformprojects.readonly","https://www.googleapis.com/auth/firebase","https://www.googleapis.com/auth/cloud-platform"]
[debug] [2020-10-20T18:57:45.265Z] > authorizing via signed-in user
[info] i  emulators: Starting emulators: functions {"metadata":{"emulator":{"name":"hub"},"message":"Starting emulators: functions"}}
[debug] [2020-10-20T18:57:47.308Z] [hub] writing locator at C:\Users\Yash\AppData\Local\Temp\hub-clone-11397.json
[warn] !  functions: The following emulators are not running, calls to these services from the Functions emulator will affect production: auth, firestore, database, hosting, pubsub {"metadata":{"emulator":{"name":"functions"},"message":"The following emulators are not running, calls to these services from the Functions emulator will affect production: \u001b[1mauth, firestore, database, hosting, pubsub\u001b[22m"}}
[warn] !  Your requested "node" version "10" doesn't match your global version "12" {"metadata":{"emulator":{"name":"functions"},"message":"Your requested \"node\" version \"10\" doesn't match your global version \"12\""}}
[debug] [2020-10-20T18:57:49.395Z] defaultcredentials: writing to file C:\Users\Yash\AppData\Roaming\firebase\iamhorsemaker_gmail_com_application_default_credentials.json
[debug] [2020-10-20T18:57:49.400Z] Setting GAC to C:\Users\Yash\AppData\Roaming\firebase\iamhorsemaker_gmail_com_application_default_credentials.json {"metadata":{"emulator":{"name":"functions"},"message":"Setting GAC to C:\\Users\\Yash\\AppData\\Roaming\\firebase\\iamhorsemaker_gmail_com_application_default_credentials.json"}}
[debug] [2020-10-20T18:58:02.941Z] Ignoring unsupported arg: auto_download {"metadata":{"emulator":{"name":"ui"},"message":"Ignoring unsupported arg: auto_download"}}
[debug] [2020-10-20T18:58:02.942Z] Ignoring unsupported arg: port {"metadata":{"emulator":{"name":"ui"},"message":"Ignoring unsupported arg: port"}}
[debug] [2020-10-20T18:58:02.942Z] Starting Emulator UI with command {"binary":"node","args":["C:\\Users\\Yash\\.cache\\firebase\\emulators\\ui-v1.1.1\\server.bundle.js"],"optionalArgs":[],"joinArgs":false} {"metadata":{"emulator":{"name":"ui"},"message":"Starting Emulator UI with command {\"binary\":\"node\",\"args\":[\"C:\\\\Users\\\\Yash\\\\.cache\\\\firebase\\\\emulators\\\\ui-v1.1.1\\\\server.bundle.js\"],\"optionalArgs\":[],\"joinArgs\":false}"}}
[info] i  ui: Emulator UI logging to ui-debug.log {"metadata":{"emulator":{"name":"ui"},"message":"Emulator UI logging to \u001b[1mui-debug.log\u001b[22m"}}
[debug] [2020-10-20T18:58:03.277Z] Web / API server started at http://localhost:4000
 {"metadata":{"emulator":{"name":"ui"},"message":"Web / API server started at http://localhost:4000\n"}}
[info] i  functions: Watching "D:\Desktop_Files\ProjectX\amazon-clone\functions" for Cloud Functions... {"metadata":{"emulator":{"name":"functions"},"message":"Watching \"D:\\Desktop_Files\\ProjectX\\amazon-clone\\functions\" for Cloud Functions..."}}
[debug] [2020-10-20T18:58:03.493Z] [worker-pool] addWorker(~diagnostic~) {"metadata":{"emulator":{"name":"functions"},"message":"[worker-pool] addWorker(~diagnostic~)"}}
[debug] [2020-10-20T18:58:03.493Z] [worker-pool] Adding worker with key ~diagnostic~, total=1 {"metadata":{"emulator":{"name":"functions"},"message":"[worker-pool] Adding worker with key ~diagnostic~, total=1"}}
[debug] [2020-10-20T18:58:03.494Z] [worker-pool] submitWork(triggerId=) {"metadata":{"emulator":{"name":"functions"},"message":"[worker-pool] submitWork(triggerId=)"}}
[debug] [2020-10-20T18:58:03.495Z] [worker-~diagnostic~-453dbff1-549d-49f8-9fb1-6c9a06eabf9a]: Assigning socketPath: \\?\pipe\D:\Desktop_Files\ProjectX\amazon-clone\functions\22960 {"metadata":{"emulator":{"name":"functions"},"message":"[worker-~diagnostic~-453dbff1-549d-49f8-9fb1-6c9a06eabf9a]: Assigning socketPath: \\\\?\\pipe\\D:\\Desktop_Files\\ProjectX\\amazon-clone\\functions\\22960"}}
[debug] [2020-10-20T18:58:03.496Z] [worker-~diagnostic~-453dbff1-549d-49f8-9fb1-6c9a06eabf9a]: BUSY {"metadata":{"emulator":{"name":"functions"},"message":"[worker-~diagnostic~-453dbff1-549d-49f8-9fb1-6c9a06eabf9a]: BUSY"}}
